{"C:\\Users\\benja\\Documents\\GitHub\\Proyecto-de-titulo\\backend\\src\\app.controller.ts": {"path":"C:\\Users\\benja\\Documents\\GitHub\\Proyecto-de-titulo\\backend\\src\\app.controller.ts","statementMap":{"0":{"start":{"line":1,"column":0},"end":{"line":1,"column":49}},"1":{"start":{"line":2,"column":0},"end":{"line":2,"column":43}},"2":{"start":{"line":5,"column":7},"end":{"line":12,"column":null}},"3":{"start":{"line":6,"column":31},"end":{"line":6,"column":43}},"4":{"start":{"line":10,"column":4},"end":{"line":10,"column":38}},"5":{"start":{"line":5,"column":13},"end":{"line":5,"column":26}},"6":{"start":{"line":9,"column":2},"end":{"line":11,"column":null}},"7":{"start":{"line":5,"column":13},"end":{"line":12,"column":null}}},"fnMap":{"0":{"name":"(anonymous_2)","decl":{"start":{"line":6,"column":2},"end":{"line":6,"column":31}},"loc":{"start":{"line":6,"column":53},"end":{"line":6,"column":57}}},"1":{"name":"(anonymous_3)","decl":{"start":{"line":9,"column":2},"end":{"line":9,"column":10}},"loc":{"start":{"line":9,"column":10},"end":{"line":11,"column":3}}}},"branchMap":{"0":{"loc":{"start":{"line":6,"column":43},"end":{"line":6,"column":56}},"type":"cond-expr","locations":[{"start":{"line":6,"column":53},"end":{"line":6,"column":56}},{"start":{"line":6,"column":53},"end":{"line":6,"column":56}}]},"1":{"loc":{"start":{"line":6,"column":43},"end":{"line":6,"column":53}},"type":"binary-expr","locations":[{"start":{"line":6,"column":43},"end":{"line":6,"column":56}},{"start":{"line":6,"column":43},"end":{"line":6,"column":53}}]}},"s":{"0":1,"1":1,"2":1,"3":1,"4":1,"5":1,"6":1,"7":1},"f":{"0":1,"1":1},"b":{"0":[1,0],"1":[1,1]}}
,"C:\\Users\\benja\\Documents\\GitHub\\Proyecto-de-titulo\\backend\\src\\app.module.ts": {"path":"C:\\Users\\benja\\Documents\\GitHub\\Proyecto-de-titulo\\backend\\src\\app.module.ts","statementMap":{"0":{"start":{"line":1,"column":0},"end":{"line":1,"column":40}},"1":{"start":{"line":2,"column":0},"end":{"line":2,"column":46}},"2":{"start":{"line":3,"column":0},"end":{"line":3,"column":49}},"3":{"start":{"line":4,"column":0},"end":{"line":4,"column":43}},"4":{"start":{"line":5,"column":0},"end":{"line":5,"column":48}},"5":{"start":{"line":6,"column":0},"end":{"line":6,"column":45}},"6":{"start":{"line":7,"column":0},"end":{"line":7,"column":63}},"7":{"start":{"line":8,"column":0},"end":{"line":8,"column":63}},"8":{"start":{"line":21,"column":7},"end":{"line":21,"column":null}},"9":{"start":{"line":21,"column":13},"end":{"line":21,"column":22}},"10":{"start":{"line":21,"column":13},"end":{"line":21,"column":null}}},"fnMap":{},"branchMap":{},"s":{"0":0,"1":0,"2":0,"3":0,"4":0,"5":0,"6":0,"7":0,"8":0,"9":0,"10":0},"f":{},"b":{}}
,"C:\\Users\\benja\\Documents\\GitHub\\Proyecto-de-titulo\\backend\\src\\app.service.ts": {"path":"C:\\Users\\benja\\Documents\\GitHub\\Proyecto-de-titulo\\backend\\src\\app.service.ts","statementMap":{"0":{"start":{"line":1,"column":0},"end":{"line":1,"column":44}},"1":{"start":{"line":4,"column":7},"end":{"line":8,"column":null}},"2":{"start":{"line":6,"column":4},"end":{"line":6,"column":26}},"3":{"start":{"line":4,"column":13},"end":{"line":4,"column":23}},"4":{"start":{"line":4,"column":13},"end":{"line":8,"column":null}}},"fnMap":{"0":{"name":"(anonymous_1)","decl":{"start":{"line":5,"column":2},"end":{"line":5,"column":10}},"loc":{"start":{"line":5,"column":10},"end":{"line":7,"column":3}}}},"branchMap":{},"s":{"0":1,"1":1,"2":1,"3":1,"4":1},"f":{"0":1},"b":{}}
,"C:\\Users\\benja\\Documents\\GitHub\\Proyecto-de-titulo\\backend\\src\\main.ts": {"path":"C:\\Users\\benja\\Documents\\GitHub\\Proyecto-de-titulo\\backend\\src\\main.ts","statementMap":{"0":{"start":{"line":1,"column":0},"end":{"line":1,"column":43}},"1":{"start":{"line":2,"column":0},"end":{"line":2,"column":41}},"2":{"start":{"line":5,"column":14},"end":{"line":5,"column":49}},"3":{"start":{"line":8,"column":2},"end":{"line":12,"column":5}},"4":{"start":{"line":14,"column":2},"end":{"line":14,"column":45}},"5":{"start":{"line":16,"column":0},"end":{"line":16,"column":12}}},"fnMap":{"0":{"name":"bootstrap","decl":{"start":{"line":4,"column":15},"end":{"line":4,"column":24}},"loc":{"start":{"line":4,"column":24},"end":{"line":15,"column":1}}}},"branchMap":{"0":{"loc":{"start":{"line":14,"column":19},"end":{"line":14,"column":43}},"type":"binary-expr","locations":[{"start":{"line":14,"column":19},"end":{"line":14,"column":35}},{"start":{"line":14,"column":39},"end":{"line":14,"column":43}}]}},"s":{"0":0,"1":0,"2":0,"3":0,"4":0,"5":0},"f":{"0":0},"b":{"0":[0,0]}}
,"C:\\Users\\benja\\Documents\\GitHub\\Proyecto-de-titulo\\backend\\src\\chat\\chat.controller.ts": {"path":"C:\\Users\\benja\\Documents\\GitHub\\Proyecto-de-titulo\\backend\\src\\chat\\chat.controller.ts","statementMap":{"0":{"start":{"line":1,"column":0},"end":{"line":1,"column":56}},"1":{"start":{"line":2,"column":0},"end":{"line":2,"column":48}},"2":{"start":{"line":3,"column":0},"end":{"line":3,"column":64}},"3":{"start":{"line":4,"column":0},"end":{"line":4,"column":73}},"4":{"start":{"line":5,"column":0},"end":{"line":5,"column":66}},"5":{"start":{"line":8,"column":7},"end":{"line":39,"column":null}},"6":{"start":{"line":10,"column":21},"end":{"line":10,"column":33}},"7":{"start":{"line":11,"column":21},"end":{"line":11,"column":35}},"8":{"start":{"line":12,"column":21},"end":{"line":12,"column":38}},"9":{"start":{"line":13,"column":21},"end":{"line":13,"column":39}},"10":{"start":{"line":21,"column":4},"end":{"line":23,"column":5}},"11":{"start":{"line":22,"column":6},"end":{"line":22,"column":54}},"12":{"start":{"line":25,"column":36},"end":{"line":25,"column":70}},"13":{"start":{"line":27,"column":4},"end":{"line":30,"column":5}},"14":{"start":{"line":28,"column":27},"end":{"line":28,"column":78}},"15":{"start":{"line":29,"column":6},"end":{"line":29,"column":71}},"16":{"start":{"line":32,"column":4},"end":{"line":35,"column":5}},"17":{"start":{"line":33,"column":21},"end":{"line":33,"column":81}},"18":{"start":{"line":34,"column":6},"end":{"line":34,"column":76}},"19":{"start":{"line":37,"column":4},"end":{"line":37,"column":61}},"20":{"start":{"line":8,"column":13},"end":{"line":8,"column":27}},"21":{"start":{"line":17,"column":8},"end":{"line":38,"column":null}},"22":{"start":{"line":8,"column":13},"end":{"line":39,"column":null}}},"fnMap":{"0":{"name":"(anonymous_4)","decl":{"start":{"line":9,"column":2},"end":{"line":9,"column":null}},"loc":{"start":{"line":13,"column":55},"end":{"line":14,"column":6}}},"1":{"name":"(anonymous_5)","decl":{"start":{"line":17,"column":8},"end":{"line":17,"column":18}},"loc":{"start":{"line":19,"column":43},"end":{"line":38,"column":3}}}},"branchMap":{"0":{"loc":{"start":{"line":21,"column":4},"end":{"line":23,"column":5}},"type":"if","locations":[{"start":{"line":21,"column":4},"end":{"line":23,"column":5}},{"start":{},"end":{}}]},"1":{"loc":{"start":{"line":27,"column":4},"end":{"line":30,"column":5}},"type":"if","locations":[{"start":{"line":27,"column":4},"end":{"line":30,"column":5}},{"start":{},"end":{}}]},"2":{"loc":{"start":{"line":32,"column":4},"end":{"line":35,"column":5}},"type":"if","locations":[{"start":{"line":32,"column":4},"end":{"line":35,"column":5}},{"start":{},"end":{}}]},"3":{"loc":{"start":{"line":32,"column":8},"end":{"line":32,"column":47}},"type":"binary-expr","locations":[{"start":{"line":32,"column":8},"end":{"line":32,"column":32}},{"start":{"line":32,"column":36},"end":{"line":32,"column":47}}]},"4":{"loc":{"start":{"line":10,"column":33},"end":{"line":10,"column":null}},"type":"cond-expr","locations":[{"start":{"line":10,"column":43},"end":{"line":10,"column":null}},{"start":{"line":10,"column":43},"end":{"line":10,"column":null}}]},"5":{"loc":{"start":{"line":10,"column":33},"end":{"line":10,"column":43}},"type":"binary-expr","locations":[{"start":{"line":10,"column":33},"end":{"line":10,"column":null}},{"start":{"line":10,"column":33},"end":{"line":10,"column":43}}]},"6":{"loc":{"start":{"line":10,"column":43},"end":{"line":11,"column":null}},"type":"cond-expr","locations":[{"start":{"line":11,"column":47},"end":{"line":11,"column":null}},{"start":{"line":11,"column":47},"end":{"line":11,"column":null}}]},"7":{"loc":{"start":{"line":10,"column":43},"end":{"line":11,"column":47}},"type":"binary-expr","locations":[{"start":{"line":10,"column":43},"end":{"line":11,"column":null}},{"start":{"line":11,"column":35},"end":{"line":11,"column":47}}]},"8":{"loc":{"start":{"line":11,"column":47},"end":{"line":12,"column":null}},"type":"cond-expr","locations":[{"start":{"line":12,"column":53},"end":{"line":12,"column":null}},{"start":{"line":12,"column":53},"end":{"line":12,"column":null}}]},"9":{"loc":{"start":{"line":11,"column":47},"end":{"line":12,"column":53}},"type":"binary-expr","locations":[{"start":{"line":11,"column":47},"end":{"line":12,"column":null}},{"start":{"line":12,"column":38},"end":{"line":12,"column":53}}]},"10":{"loc":{"start":{"line":12,"column":53},"end":{"line":13,"column":null}},"type":"cond-expr","locations":[{"start":{"line":13,"column":55},"end":{"line":13,"column":null}},{"start":{"line":13,"column":55},"end":{"line":13,"column":null}}]},"11":{"loc":{"start":{"line":12,"column":53},"end":{"line":13,"column":55}},"type":"binary-expr","locations":[{"start":{"line":12,"column":53},"end":{"line":13,"column":null}},{"start":{"line":13,"column":39},"end":{"line":13,"column":55}}]}},"s":{"0":1,"1":1,"2":1,"3":1,"4":1,"5":1,"6":4,"7":4,"8":4,"9":4,"10":3,"11":0,"12":3,"13":3,"14":1,"15":1,"16":2,"17":2,"18":2,"19":0,"20":1,"21":1,"22":1},"f":{"0":4,"1":3},"b":{"0":[0,3],"1":[1,2],"2":[2,0],"3":[2,2],"4":[1,0],"5":[1,1],"6":[1,0],"7":[1,1],"8":[1,0],"9":[1,1],"10":[1,0],"11":[1,1]}}
,"C:\\Users\\benja\\Documents\\GitHub\\Proyecto-de-titulo\\backend\\src\\chat\\chat.module.ts": {"path":"C:\\Users\\benja\\Documents\\GitHub\\Proyecto-de-titulo\\backend\\src\\chat\\chat.module.ts","statementMap":{"0":{"start":{"line":1,"column":0},"end":{"line":1,"column":40}},"1":{"start":{"line":2,"column":0},"end":{"line":2,"column":51}},"2":{"start":{"line":3,"column":0},"end":{"line":3,"column":46}},"3":{"start":{"line":4,"column":0},"end":{"line":4,"column":64}},"4":{"start":{"line":5,"column":0},"end":{"line":5,"column":64}},"5":{"start":{"line":11,"column":7},"end":{"line":11,"column":null}},"6":{"start":{"line":11,"column":13},"end":{"line":11,"column":23}},"7":{"start":{"line":11,"column":13},"end":{"line":11,"column":null}}},"fnMap":{},"branchMap":{},"s":{"0":0,"1":0,"2":0,"3":0,"4":0,"5":0,"6":0,"7":0},"f":{},"b":{}}
,"C:\\Users\\benja\\Documents\\GitHub\\Proyecto-de-titulo\\backend\\src\\formatter\\formatter.module.ts": {"path":"C:\\Users\\benja\\Documents\\GitHub\\Proyecto-de-titulo\\backend\\src\\formatter\\formatter.module.ts","statementMap":{"0":{"start":{"line":1,"column":0},"end":{"line":1,"column":40}},"1":{"start":{"line":2,"column":0},"end":{"line":2,"column":55}},"2":{"start":{"line":8,"column":7},"end":{"line":8,"column":null}},"3":{"start":{"line":8,"column":13},"end":{"line":8,"column":28}},"4":{"start":{"line":8,"column":13},"end":{"line":8,"column":null}}},"fnMap":{},"branchMap":{},"s":{"0":0,"1":0,"2":0,"3":0,"4":0},"f":{},"b":{}}
,"C:\\Users\\benja\\Documents\\GitHub\\Proyecto-de-titulo\\backend\\src\\formatter\\formatter.service.ts": {"path":"C:\\Users\\benja\\Documents\\GitHub\\Proyecto-de-titulo\\backend\\src\\formatter\\formatter.service.ts","statementMap":{"0":{"start":{"line":1,"column":0},"end":{"line":1,"column":44}},"1":{"start":{"line":4,"column":7},"end":{"line":60,"column":null}},"2":{"start":{"line":6,"column":4},"end":{"line":11,"column":5}},"3":{"start":{"line":7,"column":6},"end":{"line":10,"column":8}},"4":{"start":{"line":14,"column":22},"end":{"line":14,"column":40}},"5":{"start":{"line":16,"column":15},"end":{"line":16,"column":71}},"6":{"start":{"line":18,"column":4},"end":{"line":21,"column":7}},"7":{"start":{"line":19,"column":6},"end":{"line":19,"column":57}},"8":{"start":{"line":20,"column":6},"end":{"line":20,"column":50}},"9":{"start":{"line":24,"column":21},"end":{"line":24,"column":65}},"10":{"start":{"line":25,"column":4},"end":{"line":25,"column":137}},"11":{"start":{"line":27,"column":4},"end":{"line":30,"column":6}},"12":{"start":{"line":34,"column":15},"end":{"line":34,"column":64}},"13":{"start":{"line":36,"column":4},"end":{"line":40,"column":5}},"14":{"start":{"line":37,"column":6},"end":{"line":37,"column":83}},"15":{"start":{"line":39,"column":6},"end":{"line":39,"column":83}},"16":{"start":{"line":42,"column":4},"end":{"line":42,"column":49}},"17":{"start":{"line":43,"column":4},"end":{"line":47,"column":5}},"18":{"start":{"line":44,"column":6},"end":{"line":46,"column":9}},"19":{"start":{"line":45,"column":8},"end":{"line":45,"column":70}},"20":{"start":{"line":49,"column":4},"end":{"line":58,"column":6}},"21":{"start":{"line":4,"column":13},"end":{"line":4,"column":29}},"22":{"start":{"line":4,"column":13},"end":{"line":60,"column":null}}},"fnMap":{"0":{"name":"(anonymous_1)","decl":{"start":{"line":5,"column":2},"end":{"line":5,"column":21}},"loc":{"start":{"line":5,"column":56},"end":{"line":31,"column":3}}},"1":{"name":"(anonymous_2)","decl":{"start":{"line":18,"column":22},"end":{"line":18,"column":27}},"loc":{"start":{"line":18,"column":30},"end":{"line":21,"column":5}}},"2":{"name":"(anonymous_3)","decl":{"start":{"line":33,"column":2},"end":{"line":33,"column":23}},"loc":{"start":{"line":33,"column":41},"end":{"line":59,"column":3}}},"3":{"name":"(anonymous_4)","decl":{"start":{"line":44,"column":36},"end":{"line":44,"column":37}},"loc":{"start":{"line":44,"column":47},"end":{"line":46,"column":7}}}},"branchMap":{"0":{"loc":{"start":{"line":6,"column":4},"end":{"line":11,"column":5}},"type":"if","locations":[{"start":{"line":6,"column":4},"end":{"line":11,"column":5}},{"start":{},"end":{}}]},"1":{"loc":{"start":{"line":6,"column":8},"end":{"line":6,"column":54}},"type":"binary-expr","locations":[{"start":{"line":6,"column":8},"end":{"line":6,"column":20}},{"start":{"line":6,"column":24},"end":{"line":6,"column":31}},{"start":{"line":6,"column":35},"end":{"line":6,"column":54}}]},"2":{"loc":{"start":{"line":36,"column":4},"end":{"line":40,"column":5}},"type":"if","locations":[{"start":{"line":36,"column":4},"end":{"line":40,"column":5}},{"start":{"line":38,"column":11},"end":{"line":40,"column":5}}]},"3":{"loc":{"start":{"line":43,"column":4},"end":{"line":47,"column":5}},"type":"if","locations":[{"start":{"line":43,"column":4},"end":{"line":47,"column":5}},{"start":{},"end":{}}]},"4":{"loc":{"start":{"line":43,"column":8},"end":{"line":43,"column":69}},"type":"binary-expr","locations":[{"start":{"line":43,"column":8},"end":{"line":43,"column":29}},{"start":{"line":43,"column":33},"end":{"line":43,"column":69}}]}},"s":{"0":2,"1":2,"2":5,"3":3,"4":2,"5":2,"6":2,"7":4,"8":4,"9":2,"10":2,"11":2,"12":1,"13":1,"14":0,"15":1,"16":1,"17":1,"18":1,"19":3,"20":1,"21":2,"22":2},"f":{"0":5,"1":4,"2":1,"3":3},"b":{"0":[3,2],"1":[5,5,4],"2":[0,1],"3":[1,0],"4":[1,1]}}
,"C:\\Users\\benja\\Documents\\GitHub\\Proyecto-de-titulo\\backend\\src\\nlp\\nlp.module.ts": {"path":"C:\\Users\\benja\\Documents\\GitHub\\Proyecto-de-titulo\\backend\\src\\nlp\\nlp.module.ts","statementMap":{"0":{"start":{"line":1,"column":0},"end":{"line":1,"column":40}},"1":{"start":{"line":2,"column":0},"end":{"line":2,"column":43}},"2":{"start":{"line":8,"column":7},"end":{"line":8,"column":null}},"3":{"start":{"line":8,"column":13},"end":{"line":8,"column":22}},"4":{"start":{"line":8,"column":13},"end":{"line":8,"column":null}}},"fnMap":{},"branchMap":{},"s":{"0":0,"1":0,"2":0,"3":0,"4":0},"f":{},"b":{}}
,"C:\\Users\\benja\\Documents\\GitHub\\Proyecto-de-titulo\\backend\\src\\nlp\\nlp.service.ts": {"path":"C:\\Users\\benja\\Documents\\GitHub\\Proyecto-de-titulo\\backend\\src\\nlp\\nlp.service.ts","statementMap":{"0":{"start":{"line":1,"column":0},"end":{"line":1,"column":44}},"1":{"start":{"line":4,"column":7},"end":{"line":111,"column":null}},"2":{"start":{"line":6,"column":22},"end":{"line":6,"column":42}},"3":{"start":{"line":10,"column":6},"end":{"line":11,"column":null}},"4":{"start":{"line":14,"column":4},"end":{"line":19,"column":5}},"5":{"start":{"line":15,"column":6},"end":{"line":18,"column":8}},"6":{"start":{"line":21,"column":24},"end":{"line":21,"column":58}},"7":{"start":{"line":23,"column":4},"end":{"line":28,"column":5}},"8":{"start":{"line":24,"column":6},"end":{"line":27,"column":8}},"9":{"start":{"line":30,"column":4},"end":{"line":33,"column":6}},"10":{"start":{"line":38,"column":18},"end":{"line":38,"column":85}},"11":{"start":{"line":40,"column":4},"end":{"line":40,"column":48}},"12":{"start":{"line":43,"column":4},"end":{"line":43,"column":240}},"13":{"start":{"line":45,"column":4},"end":{"line":45,"column":47}},"14":{"start":{"line":51,"column":21},"end":{"line":86,"column":6}},"15":{"start":{"line":88,"column":4},"end":{"line":98,"column":5}},"16":{"start":{"line":89,"column":20},"end":{"line":89,"column":44}},"17":{"start":{"line":90,"column":6},"end":{"line":97,"column":7}},"18":{"start":{"line":91,"column":19},"end":{"line":91,"column":34}},"19":{"start":{"line":92,"column":8},"end":{"line":96,"column":9}},"20":{"start":{"line":94,"column":10},"end":{"line":94,"column":65}},"21":{"start":{"line":95,"column":10},"end":{"line":95,"column":22}},"22":{"start":{"line":102,"column":18},"end":{"line":102,"column":40}},"23":{"start":{"line":103,"column":4},"end":{"line":107,"column":5}},"24":{"start":{"line":105,"column":17},"end":{"line":105,"column":76}},"25":{"start":{"line":106,"column":6},"end":{"line":106,"column":18}},"26":{"start":{"line":109,"column":4},"end":{"line":109,"column":16}},"27":{"start":{"line":4,"column":13},"end":{"line":4,"column":23}},"28":{"start":{"line":4,"column":13},"end":{"line":111,"column":null}}},"fnMap":{"0":{"name":"(anonymous_1)","decl":{"start":{"line":5,"column":2},"end":{"line":5,"column":14}},"loc":{"start":{"line":5,"column":27},"end":{"line":34,"column":3}}},"1":{"name":"(anonymous_2)","decl":{"start":{"line":36,"column":2},"end":{"line":36,"column":11}},"loc":{"start":{"line":36,"column":24},"end":{"line":46,"column":3}}},"2":{"name":"(anonymous_3)","decl":{"start":{"line":48,"column":2},"end":{"line":48,"column":20}},"loc":{"start":{"line":48,"column":38},"end":{"line":110,"column":3}}}},"branchMap":{"0":{"loc":{"start":{"line":14,"column":4},"end":{"line":19,"column":5}},"type":"if","locations":[{"start":{"line":14,"column":4},"end":{"line":19,"column":5}},{"start":{},"end":{}}]},"1":{"loc":{"start":{"line":23,"column":4},"end":{"line":28,"column":5}},"type":"if","locations":[{"start":{"line":23,"column":4},"end":{"line":28,"column":5}},{"start":{},"end":{}}]},"2":{"loc":{"start":{"line":90,"column":6},"end":{"line":97,"column":7}},"type":"if","locations":[{"start":{"line":90,"column":6},"end":{"line":97,"column":7}},{"start":{},"end":{}}]},"3":{"loc":{"start":{"line":90,"column":10},"end":{"line":90,"column":27}},"type":"binary-expr","locations":[{"start":{"line":90,"column":10},"end":{"line":90,"column":15}},{"start":{"line":90,"column":19},"end":{"line":90,"column":27}}]},"4":{"loc":{"start":{"line":92,"column":8},"end":{"line":96,"column":9}},"type":"if","locations":[{"start":{"line":92,"column":8},"end":{"line":96,"column":9}},{"start":{},"end":{}}]},"5":{"loc":{"start":{"line":103,"column":4},"end":{"line":107,"column":5}},"type":"if","locations":[{"start":{"line":103,"column":4},"end":{"line":107,"column":5}},{"start":{},"end":{}}]},"6":{"loc":{"start":{"line":103,"column":8},"end":{"line":103,"column":45}},"type":"binary-expr","locations":[{"start":{"line":103,"column":8},"end":{"line":103,"column":24}},{"start":{"line":103,"column":28},"end":{"line":103,"column":45}}]}},"s":{"0":2,"1":2,"2":5,"3":5,"4":5,"5":1,"6":4,"7":4,"8":1,"9":3,"10":14,"11":14,"12":14,"13":14,"14":10,"15":10,"16":205,"17":205,"18":7,"19":7,"20":7,"21":7,"22":3,"23":3,"24":1,"25":1,"26":2,"27":2,"28":2},"f":{"0":5,"1":14,"2":10},"b":{"0":[1,4],"1":[1,3],"2":[7,198],"3":[205,7],"4":[7,0],"5":[1,2],"6":[3,3]}}
,"C:\\Users\\benja\\Documents\\GitHub\\Proyecto-de-titulo\\backend\\src\\scripts\\limpiar-transporte.ts": {"path":"C:\\Users\\benja\\Documents\\GitHub\\Proyecto-de-titulo\\backend\\src\\scripts\\limpiar-transporte.ts","statementMap":{"0":{"start":{"line":1,"column":0},"end":{"line":1,"column":53}},"1":{"start":{"line":2,"column":0},"end":{"line":2,"column":33}},"2":{"start":{"line":5,"column":0},"end":{"line":5,"column":16}},"3":{"start":{"line":7,"column":21},"end":{"line":7,"column":51}},"4":{"start":{"line":8,"column":34},"end":{"line":8,"column":77}},"5":{"start":{"line":10,"column":0},"end":{"line":13,"column":1}},"6":{"start":{"line":11,"column":2},"end":{"line":11,"column":109}},"7":{"start":{"line":12,"column":2},"end":{"line":12,"column":18}},"8":{"start":{"line":15,"column":17},"end":{"line":15,"column":70}},"9":{"start":{"line":18,"column":2},"end":{"line":18,"column":72}},"10":{"start":{"line":20,"column":2},"end":{"line":44,"column":3}},"11":{"start":{"line":22,"column":4},"end":{"line":22,"column":67}},"12":{"start":{"line":23,"column":39},"end":{"line":26,"column":31}},"13":{"start":{"line":28,"column":4},"end":{"line":28,"column":47}},"14":{"start":{"line":28,"column":25},"end":{"line":28,"column":47}},"15":{"start":{"line":29,"column":4},"end":{"line":29,"column":67}},"16":{"start":{"line":32,"column":4},"end":{"line":32,"column":63}},"17":{"start":{"line":33,"column":35},"end":{"line":36,"column":32}},"18":{"start":{"line":38,"column":4},"end":{"line":38,"column":39}},"19":{"start":{"line":38,"column":21},"end":{"line":38,"column":39}},"20":{"start":{"line":39,"column":4},"end":{"line":39,"column":63}},"21":{"start":{"line":41,"column":4},"end":{"line":41,"column":130}},"22":{"start":{"line":43,"column":4},"end":{"line":43,"column":65}},"23":{"start":{"line":48,"column":0},"end":{"line":48,"column":21}}},"fnMap":{"0":{"name":"limpiarBaseDeDatos","decl":{"start":{"line":17,"column":15},"end":{"line":17,"column":33}},"loc":{"start":{"line":17,"column":33},"end":{"line":45,"column":1}}}},"branchMap":{"0":{"loc":{"start":{"line":7,"column":21},"end":{"line":7,"column":51}},"type":"binary-expr","locations":[{"start":{"line":7,"column":21},"end":{"line":7,"column":45}},{"start":{"line":7,"column":49},"end":{"line":7,"column":51}}]},"1":{"loc":{"start":{"line":8,"column":34},"end":{"line":8,"column":77}},"type":"binary-expr","locations":[{"start":{"line":8,"column":34},"end":{"line":8,"column":71}},{"start":{"line":8,"column":75},"end":{"line":8,"column":77}}]},"2":{"loc":{"start":{"line":10,"column":0},"end":{"line":13,"column":1}},"type":"if","locations":[{"start":{"line":10,"column":0},"end":{"line":13,"column":1}},{"start":{},"end":{}}]},"3":{"loc":{"start":{"line":10,"column":4},"end":{"line":10,"column":47}},"type":"binary-expr","locations":[{"start":{"line":10,"column":4},"end":{"line":10,"column":17}},{"start":{"line":10,"column":21},"end":{"line":10,"column":47}}]},"4":{"loc":{"start":{"line":28,"column":4},"end":{"line":28,"column":47}},"type":"if","locations":[{"start":{"line":28,"column":4},"end":{"line":28,"column":47}},{"start":{},"end":{}}]},"5":{"loc":{"start":{"line":38,"column":4},"end":{"line":38,"column":39}},"type":"if","locations":[{"start":{"line":38,"column":4},"end":{"line":38,"column":39}},{"start":{},"end":{}}]}},"s":{"0":0,"1":0,"2":0,"3":0,"4":0,"5":0,"6":0,"7":0,"8":0,"9":0,"10":0,"11":0,"12":0,"13":0,"14":0,"15":0,"16":0,"17":0,"18":0,"19":0,"20":0,"21":0,"22":0,"23":0},"f":{"0":0},"b":{"0":[0,0],"1":[0,0],"2":[0,0],"3":[0,0],"4":[0,0],"5":[0,0]}}
,"C:\\Users\\benja\\Documents\\GitHub\\Proyecto-de-titulo\\backend\\src\\scripts\\poblar-transporte.ts": {"path":"C:\\Users\\benja\\Documents\\GitHub\\Proyecto-de-titulo\\backend\\src\\scripts\\poblar-transporte.ts","statementMap":{"0":{"start":{"line":1,"column":0},"end":{"line":1,"column":53}},"1":{"start":{"line":2,"column":0},"end":{"line":2,"column":26}},"2":{"start":{"line":3,"column":0},"end":{"line":3,"column":33}},"3":{"start":{"line":6,"column":0},"end":{"line":6,"column":16}},"4":{"start":{"line":8,"column":21},"end":{"line":8,"column":51}},"5":{"start":{"line":9,"column":34},"end":{"line":9,"column":77}},"6":{"start":{"line":11,"column":0},"end":{"line":14,"column":1}},"7":{"start":{"line":12,"column":2},"end":{"line":12,"column":109}},"8":{"start":{"line":13,"column":2},"end":{"line":13,"column":18}},"9":{"start":{"line":16,"column":17},"end":{"line":16,"column":70}},"10":{"start":{"line":37,"column":42},"end":{"line":53,"column":2}},"11":{"start":{"line":55,"column":50},"end":{"line":71,"column":2}},"12":{"start":{"line":77,"column":25},"end":{"line":77,"column":61}},"13":{"start":{"line":79,"column":2},"end":{"line":108,"column":3}},"14":{"start":{"line":80,"column":4},"end":{"line":80,"column":68}},"15":{"start":{"line":81,"column":21},"end":{"line":88,"column":6}},"16":{"start":{"line":90,"column":4},"end":{"line":90,"column":67}},"17":{"start":{"line":97,"column":4},"end":{"line":97,"column":82}},"18":{"start":{"line":100,"column":4},"end":{"line":100,"column":115}},"19":{"start":{"line":101,"column":4},"end":{"line":103,"column":5}},"20":{"start":{"line":102,"column":7},"end":{"line":102,"column":59}},"21":{"start":{"line":104,"column":4},"end":{"line":107,"column":6}},"22":{"start":{"line":115,"column":2},"end":{"line":115,"column":73}},"23":{"start":{"line":117,"column":33},"end":{"line":117,"column":59}},"24":{"start":{"line":120,"column":2},"end":{"line":120,"column":71}},"25":{"start":{"line":121,"column":2},"end":{"line":132,"column":3}},"26":{"start":{"line":122,"column":53},"end":{"line":125,"column":15}},"27":{"start":{"line":127,"column":4},"end":{"line":127,"column":39}},"28":{"start":{"line":127,"column":21},"end":{"line":127,"column":39}},"29":{"start":{"line":128,"column":4},"end":{"line":128,"column":104}},"30":{"start":{"line":130,"column":4},"end":{"line":130,"column":70}},"31":{"start":{"line":131,"column":4},"end":{"line":131,"column":11}},"32":{"start":{"line":135,"column":2},"end":{"line":135,"column":79}},"33":{"start":{"line":136,"column":2},"end":{"line":152,"column":3}},"34":{"start":{"line":138,"column":35},"end":{"line":141,"column":7}},"35":{"start":{"line":138,"column":56},"end":{"line":141,"column":6}},"36":{"start":{"line":143,"column":61},"end":{"line":146,"column":15}},"37":{"start":{"line":148,"column":4},"end":{"line":148,"column":47}},"38":{"start":{"line":148,"column":25},"end":{"line":148,"column":47}},"39":{"start":{"line":149,"column":4},"end":{"line":149,"column":112}},"40":{"start":{"line":151,"column":4},"end":{"line":151,"column":74}},"41":{"start":{"line":154,"column":2},"end":{"line":154,"column":39}},"42":{"start":{"line":158,"column":0},"end":{"line":158,"column":20}}},"fnMap":{"0":{"name":"fetchTransportData","decl":{"start":{"line":76,"column":15},"end":{"line":76,"column":33}},"loc":{"start":{"line":76,"column":33},"end":{"line":109,"column":1}}},"1":{"name":"poblarBaseDeDatos","decl":{"start":{"line":114,"column":15},"end":{"line":114,"column":32}},"loc":{"start":{"line":114,"column":32},"end":{"line":155,"column":1}}},"2":{"name":"(anonymous_12)","decl":{"start":{"line":138,"column":50},"end":{"line":138,"column":51}},"loc":{"start":{"line":138,"column":56},"end":{"line":141,"column":6}}}},"branchMap":{"0":{"loc":{"start":{"line":8,"column":21},"end":{"line":8,"column":51}},"type":"binary-expr","locations":[{"start":{"line":8,"column":21},"end":{"line":8,"column":45}},{"start":{"line":8,"column":49},"end":{"line":8,"column":51}}]},"1":{"loc":{"start":{"line":9,"column":34},"end":{"line":9,"column":77}},"type":"binary-expr","locations":[{"start":{"line":9,"column":34},"end":{"line":9,"column":71}},{"start":{"line":9,"column":75},"end":{"line":9,"column":77}}]},"2":{"loc":{"start":{"line":11,"column":0},"end":{"line":14,"column":1}},"type":"if","locations":[{"start":{"line":11,"column":0},"end":{"line":14,"column":1}},{"start":{},"end":{}}]},"3":{"loc":{"start":{"line":11,"column":4},"end":{"line":11,"column":47}},"type":"binary-expr","locations":[{"start":{"line":11,"column":4},"end":{"line":11,"column":17}},{"start":{"line":11,"column":21},"end":{"line":11,"column":47}}]},"4":{"loc":{"start":{"line":101,"column":4},"end":{"line":103,"column":5}},"type":"if","locations":[{"start":{"line":101,"column":4},"end":{"line":103,"column":5}},{"start":{},"end":{}}]},"5":{"loc":{"start":{"line":127,"column":4},"end":{"line":127,"column":39}},"type":"if","locations":[{"start":{"line":127,"column":4},"end":{"line":127,"column":39}},{"start":{},"end":{}}]},"6":{"loc":{"start":{"line":148,"column":4},"end":{"line":148,"column":47}},"type":"if","locations":[{"start":{"line":148,"column":4},"end":{"line":148,"column":47}},{"start":{},"end":{}}]}},"s":{"0":0,"1":0,"2":0,"3":0,"4":0,"5":0,"6":0,"7":0,"8":0,"9":0,"10":0,"11":0,"12":0,"13":0,"14":0,"15":0,"16":0,"17":0,"18":0,"19":0,"20":0,"21":0,"22":0,"23":0,"24":0,"25":0,"26":0,"27":0,"28":0,"29":0,"30":0,"31":0,"32":0,"33":0,"34":0,"35":0,"36":0,"37":0,"38":0,"39":0,"40":0,"41":0,"42":0},"f":{"0":0,"1":0,"2":0},"b":{"0":[0,0],"1":[0,0],"2":[0,0],"3":[0,0],"4":[0,0],"5":[0,0],"6":[0,0]}}
,"C:\\Users\\benja\\Documents\\GitHub\\Proyecto-de-titulo\\backend\\src\\transport\\transport.module.ts": {"path":"C:\\Users\\benja\\Documents\\GitHub\\Proyecto-de-titulo\\backend\\src\\transport\\transport.module.ts","statementMap":{"0":{"start":{"line":1,"column":0},"end":{"line":1,"column":40}},"1":{"start":{"line":2,"column":0},"end":{"line":2,"column":53}},"2":{"start":{"line":3,"column":0},"end":{"line":3,"column":62}},"3":{"start":{"line":4,"column":0},"end":{"line":4,"column":53}},"4":{"start":{"line":10,"column":7},"end":{"line":10,"column":null}},"5":{"start":{"line":10,"column":13},"end":{"line":10,"column":28}},"6":{"start":{"line":10,"column":13},"end":{"line":10,"column":null}}},"fnMap":{},"branchMap":{},"s":{"0":0,"1":0,"2":0,"3":0,"4":0,"5":0,"6":0},"f":{},"b":{}}
,"C:\\Users\\benja\\Documents\\GitHub\\Proyecto-de-titulo\\backend\\src\\transport\\horarios\\horarios.service.ts": {"path":"C:\\Users\\benja\\Documents\\GitHub\\Proyecto-de-titulo\\backend\\src\\transport\\horarios\\horarios.service.ts","statementMap":{"0":{"start":{"line":1,"column":0},"end":{"line":1,"column":44}},"1":{"start":{"line":21,"column":7},"end":{"line":130,"column":null}},"2":{"start":{"line":22,"column":54},"end":{"line":41,"column":4}},"3":{"start":{"line":44,"column":4},"end":{"line":44,"column":32}},"4":{"start":{"line":52,"column":17},"end":{"line":56,"column":18}},"5":{"start":{"line":58,"column":22},"end":{"line":58,"column":35}},"6":{"start":{"line":59,"column":27},"end":{"line":59,"column":67}},"7":{"start":{"line":62,"column":4},"end":{"line":68,"column":5}},"8":{"start":{"line":63,"column":6},"end":{"line":63,"column":79}},"9":{"start":{"line":63,"column":55},"end":{"line":63,"column":77}},"10":{"start":{"line":64,"column":11},"end":{"line":68,"column":5}},"11":{"start":{"line":65,"column":6},"end":{"line":65,"column":79}},"12":{"start":{"line":65,"column":55},"end":{"line":65,"column":77}},"13":{"start":{"line":67,"column":6},"end":{"line":67,"column":80}},"14":{"start":{"line":67,"column":55},"end":{"line":67,"column":78}},"15":{"start":{"line":70,"column":24},"end":{"line":72,"column":24}},"16":{"start":{"line":74,"column":4},"end":{"line":84,"column":5}},"17":{"start":{"line":75,"column":6},"end":{"line":83,"column":8}},"18":{"start":{"line":86,"column":29},"end":{"line":86,"column":72}},"19":{"start":{"line":87,"column":25},"end":{"line":87,"column":69}},"20":{"start":{"line":89,"column":25},"end":{"line":89,"column":45}},"21":{"start":{"line":90,"column":23},"end":{"line":90,"column":39}},"22":{"start":{"line":92,"column":26},"end":{"line":92,"column":53}},"23":{"start":{"line":93,"column":30},"end":{"line":93,"column":59}},"24":{"start":{"line":94,"column":27},"end":{"line":94,"column":61}},"25":{"start":{"line":96,"column":4},"end":{"line":106,"column":5}},"26":{"start":{"line":97,"column":6},"end":{"line":105,"column":8}},"27":{"start":{"line":108,"column":4},"end":{"line":118,"column":5}},"28":{"start":{"line":109,"column":6},"end":{"line":117,"column":8}},"29":{"start":{"line":120,"column":4},"end":{"line":128,"column":6}},"30":{"start":{"line":21,"column":13},"end":{"line":21,"column":28}},"31":{"start":{"line":21,"column":13},"end":{"line":130,"column":null}}},"fnMap":{"0":{"name":"(anonymous_1)","decl":{"start":{"line":43,"column":2},"end":{"line":43,"column":13}},"loc":{"start":{"line":43,"column":13},"end":{"line":45,"column":3}}},"1":{"name":"(anonymous_2)","decl":{"start":{"line":51,"column":2},"end":{"line":51,"column":20}},"loc":{"start":{"line":51,"column":48},"end":{"line":129,"column":3}}},"2":{"name":"(anonymous_3)","decl":{"start":{"line":63,"column":48},"end":{"line":63,"column":49}},"loc":{"start":{"line":63,"column":55},"end":{"line":63,"column":77}}},"3":{"name":"(anonymous_4)","decl":{"start":{"line":65,"column":48},"end":{"line":65,"column":49}},"loc":{"start":{"line":65,"column":55},"end":{"line":65,"column":77}}},"4":{"name":"(anonymous_5)","decl":{"start":{"line":67,"column":48},"end":{"line":67,"column":49}},"loc":{"start":{"line":67,"column":55},"end":{"line":67,"column":78}}}},"branchMap":{"0":{"loc":{"start":{"line":52,"column":17},"end":{"line":56,"column":18}},"type":"cond-expr","locations":[{"start":{"line":53,"column":8},"end":{"line":55,"column":21}},{"start":{"line":56,"column":8},"end":{"line":56,"column":18}}]},"1":{"loc":{"start":{"line":53,"column":8},"end":{"line":55,"column":21}},"type":"cond-expr","locations":[{"start":{"line":54,"column":10},"end":{"line":54,"column":31}},{"start":{"line":55,"column":10},"end":{"line":55,"column":21}}]},"2":{"loc":{"start":{"line":62,"column":4},"end":{"line":68,"column":5}},"type":"if","locations":[{"start":{"line":62,"column":4},"end":{"line":68,"column":5}},{"start":{"line":64,"column":11},"end":{"line":68,"column":5}}]},"3":{"loc":{"start":{"line":62,"column":8},"end":{"line":62,"column":40}},"type":"binary-expr","locations":[{"start":{"line":62,"column":8},"end":{"line":62,"column":22}},{"start":{"line":62,"column":26},"end":{"line":62,"column":40}}]},"4":{"loc":{"start":{"line":64,"column":11},"end":{"line":68,"column":5}},"type":"if","locations":[{"start":{"line":64,"column":11},"end":{"line":68,"column":5}},{"start":{"line":66,"column":11},"end":{"line":68,"column":5}}]},"5":{"loc":{"start":{"line":74,"column":4},"end":{"line":84,"column":5}},"type":"if","locations":[{"start":{"line":74,"column":4},"end":{"line":84,"column":5}},{"start":{},"end":{}}]},"6":{"loc":{"start":{"line":94,"column":27},"end":{"line":94,"column":61}},"type":"binary-expr","locations":[{"start":{"line":94,"column":27},"end":{"line":94,"column":40}},{"start":{"line":94,"column":44},"end":{"line":94,"column":61}}]},"7":{"loc":{"start":{"line":96,"column":4},"end":{"line":106,"column":5}},"type":"if","locations":[{"start":{"line":96,"column":4},"end":{"line":106,"column":5}},{"start":{},"end":{}}]},"8":{"loc":{"start":{"line":108,"column":4},"end":{"line":118,"column":5}},"type":"if","locations":[{"start":{"line":108,"column":4},"end":{"line":118,"column":5}},{"start":{},"end":{}}]}},"s":{"0":2,"1":2,"2":11,"3":1,"4":8,"5":8,"6":8,"7":8,"8":4,"9":4,"10":4,"11":2,"12":4,"13":2,"14":6,"15":8,"16":8,"17":0,"18":8,"19":8,"20":8,"21":8,"22":8,"23":8,"24":8,"25":8,"26":3,"27":5,"28":1,"29":4,"30":2,"31":2},"f":{"0":1,"1":8,"2":4,"3":4,"4":6},"b":{"0":[8,0],"1":[1,7],"2":[4,4],"3":[8,6],"4":[2,2],"5":[0,8],"6":[8,5],"7":[3,5],"8":[1,4]}}
,"C:\\Users\\benja\\Documents\\GitHub\\Proyecto-de-titulo\\backend\\src\\transport\\rutas\\rutas.service.ts": {"path":"C:\\Users\\benja\\Documents\\GitHub\\Proyecto-de-titulo\\backend\\src\\transport\\rutas\\rutas.service.ts","statementMap":{"0":{"start":{"line":1,"column":0},"end":{"line":1,"column":52}},"1":{"start":{"line":2,"column":0},"end":{"line":2,"column":47}},"2":{"start":{"line":3,"column":0},"end":{"line":3,"column":69}},"3":{"start":{"line":6,"column":25},"end":{"line":91,"column":null}},"4":{"start":{"line":8,"column":28},"end":{"line":8,"column":57}},"5":{"start":{"line":10,"column":22},"end":{"line":10,"column":37}},"6":{"start":{"line":11,"column":24},"end":{"line":11,"column":70}},"7":{"start":{"line":12,"column":24},"end":{"line":12,"column":133}},"8":{"start":{"line":14,"column":4},"end":{"line":18,"column":5}},"9":{"start":{"line":15,"column":6},"end":{"line":15,"column":61}},"10":{"start":{"line":17,"column":6},"end":{"line":17,"column":78}},"11":{"start":{"line":22,"column":4},"end":{"line":25,"column":5}},"12":{"start":{"line":23,"column":6},"end":{"line":23,"column":60}},"13":{"start":{"line":24,"column":6},"end":{"line":24,"column":16}},"14":{"start":{"line":27,"column":4},"end":{"line":89,"column":5}},"15":{"start":{"line":29,"column":30},"end":{"line":38,"column":10}},"16":{"start":{"line":40,"column":6},"end":{"line":43,"column":7}},"17":{"start":{"line":41,"column":8},"end":{"line":41,"column":75}},"18":{"start":{"line":42,"column":8},"end":{"line":42,"column":18}},"19":{"start":{"line":45,"column":6},"end":{"line":47,"column":7}},"20":{"start":{"line":46,"column":8},"end":{"line":46,"column":18}},"21":{"start":{"line":50,"column":29},"end":{"line":50,"column":103}},"22":{"start":{"line":54,"column":26},"end":{"line":54,"column":95}},"23":{"start":{"line":54,"column":66},"end":{"line":54,"column":94}},"24":{"start":{"line":56,"column":27},"end":{"line":65,"column":8}},"25":{"start":{"line":57,"column":35},"end":{"line":57,"column":130}},"26":{"start":{"line":59,"column":8},"end":{"line":64,"column":9}},"27":{"start":{"line":61,"column":10},"end":{"line":61,"column":78}},"28":{"start":{"line":61,"column":43},"end":{"line":61,"column":76}},"29":{"start":{"line":63,"column":10},"end":{"line":63,"column":61}},"30":{"start":{"line":67,"column":6},"end":{"line":69,"column":7}},"31":{"start":{"line":68,"column":8},"end":{"line":68,"column":18}},"32":{"start":{"line":72,"column":31},"end":{"line":83,"column":8}},"33":{"start":{"line":74,"column":22},"end":{"line":74,"column":112}},"34":{"start":{"line":75,"column":28},"end":{"line":75,"column":73}},"35":{"start":{"line":76,"column":31},"end":{"line":76,"column":70}},"36":{"start":{"line":78,"column":8},"end":{"line":82,"column":10}},"37":{"start":{"line":85,"column":6},"end":{"line":85,"column":30}},"38":{"start":{"line":87,"column":6},"end":{"line":87,"column":68}},"39":{"start":{"line":88,"column":6},"end":{"line":88,"column":16}},"40":{"start":{"line":6,"column":13},"end":{"line":6,"column":25}},"41":{"start":{"line":6,"column":13},"end":{"line":91,"column":null}}},"fnMap":{"0":{"name":"(anonymous_2)","decl":{"start":{"line":10,"column":2},"end":{"line":10,"column":22}},"loc":{"start":{"line":10,"column":50},"end":{"line":19,"column":3}}},"1":{"name":"(anonymous_3)","decl":{"start":{"line":21,"column":2},"end":{"line":21,"column":7}},"loc":{"start":{"line":21,"column":51},"end":{"line":90,"column":3}}},"2":{"name":"(anonymous_4)","decl":{"start":{"line":54,"column":61},"end":{"line":54,"column":62}},"loc":{"start":{"line":54,"column":66},"end":{"line":54,"column":94}}},"3":{"name":"(anonymous_5)","decl":{"start":{"line":56,"column":39},"end":{"line":56,"column":40}},"loc":{"start":{"line":56,"column":54},"end":{"line":65,"column":7}}},"4":{"name":"(anonymous_6)","decl":{"start":{"line":61,"column":35},"end":{"line":61,"column":39}},"loc":{"start":{"line":61,"column":43},"end":{"line":61,"column":76}}},"5":{"name":"(anonymous_7)","decl":{"start":{"line":72,"column":48},"end":{"line":72,"column":49}},"loc":{"start":{"line":72,"column":63},"end":{"line":83,"column":7}}}},"branchMap":{"0":{"loc":{"start":{"line":12,"column":24},"end":{"line":12,"column":133}},"type":"binary-expr","locations":[{"start":{"line":12,"column":24},"end":{"line":12,"column":70}},{"start":{"line":12,"column":74},"end":{"line":12,"column":133}}]},"1":{"loc":{"start":{"line":14,"column":4},"end":{"line":18,"column":5}},"type":"if","locations":[{"start":{"line":14,"column":4},"end":{"line":18,"column":5}},{"start":{"line":16,"column":11},"end":{"line":18,"column":5}}]},"2":{"loc":{"start":{"line":14,"column":8},"end":{"line":14,"column":34}},"type":"binary-expr","locations":[{"start":{"line":14,"column":8},"end":{"line":14,"column":19}},{"start":{"line":14,"column":23},"end":{"line":14,"column":34}}]},"3":{"loc":{"start":{"line":22,"column":4},"end":{"line":25,"column":5}},"type":"if","locations":[{"start":{"line":22,"column":4},"end":{"line":25,"column":5}},{"start":{},"end":{}}]},"4":{"loc":{"start":{"line":40,"column":6},"end":{"line":43,"column":7}},"type":"if","locations":[{"start":{"line":40,"column":6},"end":{"line":43,"column":7}},{"start":{},"end":{}}]},"5":{"loc":{"start":{"line":45,"column":6},"end":{"line":47,"column":7}},"type":"if","locations":[{"start":{"line":45,"column":6},"end":{"line":47,"column":7}},{"start":{},"end":{}}]},"6":{"loc":{"start":{"line":45,"column":10},"end":{"line":45,"column":36}},"type":"binary-expr","locations":[{"start":{"line":45,"column":10},"end":{"line":45,"column":15}},{"start":{"line":45,"column":19},"end":{"line":45,"column":36}}]},"7":{"loc":{"start":{"line":54,"column":66},"end":{"line":54,"column":94}},"type":"binary-expr","locations":[{"start":{"line":54,"column":66},"end":{"line":54,"column":78}},{"start":{"line":54,"column":82},"end":{"line":54,"column":94}}]},"8":{"loc":{"start":{"line":57,"column":36},"end":{"line":57,"column":66}},"type":"binary-expr","locations":[{"start":{"line":57,"column":36},"end":{"line":57,"column":60}},{"start":{"line":57,"column":64},"end":{"line":57,"column":66}}]},"9":{"loc":{"start":{"line":59,"column":8},"end":{"line":64,"column":9}},"type":"if","locations":[{"start":{"line":59,"column":8},"end":{"line":64,"column":9}},{"start":{"line":62,"column":15},"end":{"line":64,"column":9}}]},"10":{"loc":{"start":{"line":67,"column":6},"end":{"line":69,"column":7}},"type":"if","locations":[{"start":{"line":67,"column":6},"end":{"line":69,"column":7}},{"start":{},"end":{}}]},"11":{"loc":{"start":{"line":74,"column":22},"end":{"line":74,"column":112}},"type":"cond-expr","locations":[{"start":{"line":74,"column":62},"end":{"line":74,"column":87}},{"start":{"line":74,"column":90},"end":{"line":74,"column":112}}]},"12":{"loc":{"start":{"line":75,"column":28},"end":{"line":75,"column":73}},"type":"binary-expr","locations":[{"start":{"line":75,"column":28},"end":{"line":75,"column":47}},{"start":{"line":75,"column":51},"end":{"line":75,"column":73}}]},"13":{"loc":{"start":{"line":76,"column":31},"end":{"line":76,"column":70}},"type":"binary-expr","locations":[{"start":{"line":76,"column":31},"end":{"line":76,"column":53}},{"start":{"line":76,"column":57},"end":{"line":76,"column":70}}]},"14":{"loc":{"start":{"line":10,"column":37},"end":{"line":10,"column":null}},"type":"cond-expr","locations":[{"start":{"line":10,"column":50},"end":{"line":10,"column":null}},{"start":{"line":10,"column":50},"end":{"line":10,"column":null}}]},"15":{"loc":{"start":{"line":10,"column":37},"end":{"line":10,"column":50}},"type":"binary-expr","locations":[{"start":{"line":10,"column":37},"end":{"line":10,"column":null}},{"start":{"line":10,"column":37},"end":{"line":10,"column":50}}]}},"s":{"0":2,"1":2,"2":2,"3":2,"4":8,"5":8,"6":8,"7":8,"8":8,"9":8,"10":0,"11":3,"12":0,"13":0,"14":3,"15":3,"16":3,"17":1,"18":1,"19":2,"20":0,"21":2,"22":2,"23":2,"24":2,"25":2,"26":2,"27":2,"28":2,"29":0,"30":2,"31":1,"32":1,"33":1,"34":1,"35":1,"36":1,"37":1,"38":0,"39":0,"40":2,"41":2},"f":{"0":8,"1":3,"2":2,"3":2,"4":2,"5":1},"b":{"0":[8,0],"1":[8,0],"2":[8,8],"3":[0,3],"4":[1,2],"5":[0,2],"6":[2,2],"7":[2,0],"8":[2,0],"9":[2,0],"10":[1,1],"11":[0,1],"12":[1,0],"13":[1,0],"14":[2,0],"15":[2,2]}}
,"C:\\Users\\benja\\Documents\\GitHub\\Proyecto-de-titulo\\backend\\src\\transport\\taxis\\taxis.service.ts": {"path":"C:\\Users\\benja\\Documents\\GitHub\\Proyecto-de-titulo\\backend\\src\\transport\\taxis\\taxis.service.ts","statementMap":{"0":{"start":{"line":1,"column":0},"end":{"line":1,"column":44}},"1":{"start":{"line":4,"column":7},"end":{"line":4,"column":null}},"2":{"start":{"line":4,"column":13},"end":{"line":4,"column":25}},"3":{"start":{"line":4,"column":13},"end":{"line":4,"column":null}}},"fnMap":{},"branchMap":{},"s":{"0":1,"1":1,"2":1,"3":1},"f":{},"b":{}}
}
