TN:
SF:src\app.controller.ts
FN:6,(anonymous_2)
FN:9,(anonymous_3)
FNF:2
FNH:2
FNDA:1,(anonymous_2)
FNDA:1,(anonymous_3)
DA:1,1
DA:2,1
DA:5,1
DA:6,1
DA:9,1
DA:10,1
LF:6
LH:6
BRDA:6,0,0,1
BRDA:6,0,1,0
BRDA:6,1,0,1
BRDA:6,1,1,1
BRF:4
BRH:3
end_of_record
TN:
SF:src\app.module.ts
FNF:0
FNH:0
DA:1,0
DA:2,0
DA:3,0
DA:4,0
DA:5,0
DA:6,0
DA:7,0
DA:8,0
DA:21,0
LF:9
LH:0
BRF:0
BRH:0
end_of_record
TN:
SF:src\app.service.ts
FN:5,(anonymous_1)
FNF:1
FNH:1
FNDA:1,(anonymous_1)
DA:1,1
DA:4,1
DA:6,1
LF:3
LH:3
BRF:0
BRH:0
end_of_record
TN:
SF:src\main.ts
FN:4,bootstrap
FNF:1
FNH:0
FNDA:0,bootstrap
DA:1,0
DA:2,0
DA:5,0
DA:8,0
DA:14,0
DA:16,0
LF:6
LH:0
BRDA:14,0,0,0
BRDA:14,0,1,0
BRF:2
BRH:0
end_of_record
TN:
SF:src\chat\chat.controller.ts
FN:9,(anonymous_4)
FN:17,(anonymous_5)
FNF:2
FNH:2
FNDA:4,(anonymous_4)
FNDA:3,(anonymous_5)
DA:1,1
DA:2,1
DA:3,1
DA:4,1
DA:5,1
DA:8,1
DA:10,4
DA:11,4
DA:12,4
DA:13,4
DA:17,1
DA:21,3
DA:22,0
DA:25,3
DA:27,3
DA:28,1
DA:29,1
DA:32,2
DA:33,2
DA:34,2
DA:37,0
LF:21
LH:19
BRDA:21,0,0,0
BRDA:21,0,1,3
BRDA:27,1,0,1
BRDA:27,1,1,2
BRDA:32,2,0,2
BRDA:32,2,1,0
BRDA:32,3,0,2
BRDA:32,3,1,2
BRDA:10,4,0,1
BRDA:10,4,1,0
BRDA:10,5,0,1
BRDA:10,5,1,1
BRDA:10,6,0,1
BRDA:10,6,1,0
BRDA:10,7,0,1
BRDA:10,7,1,1
BRDA:11,8,0,1
BRDA:11,8,1,0
BRDA:11,9,0,1
BRDA:11,9,1,1
BRDA:12,10,0,1
BRDA:12,10,1,0
BRDA:12,11,0,1
BRDA:12,11,1,1
BRF:24
BRH:18
end_of_record
TN:
SF:src\chat\chat.module.ts
FNF:0
FNH:0
DA:1,0
DA:2,0
DA:3,0
DA:4,0
DA:5,0
DA:11,0
LF:6
LH:0
BRF:0
BRH:0
end_of_record
TN:
SF:src\formatter\formatter.module.ts
FNF:0
FNH:0
DA:1,0
DA:2,0
DA:8,0
LF:3
LH:0
BRF:0
BRH:0
end_of_record
TN:
SF:src\formatter\formatter.service.ts
FN:5,(anonymous_1)
FN:18,(anonymous_2)
FN:33,(anonymous_3)
FN:44,(anonymous_4)
FNF:4
FNH:4
FNDA:5,(anonymous_1)
FNDA:4,(anonymous_2)
FNDA:1,(anonymous_3)
FNDA:3,(anonymous_4)
DA:1,2
DA:4,2
DA:6,5
DA:7,3
DA:14,2
DA:16,2
DA:18,2
DA:19,4
DA:20,4
DA:24,2
DA:25,2
DA:27,2
DA:34,1
DA:36,1
DA:37,0
DA:39,1
DA:42,1
DA:43,1
DA:44,1
DA:45,3
DA:49,1
LF:21
LH:20
BRDA:6,0,0,3
BRDA:6,0,1,2
BRDA:6,1,0,5
BRDA:6,1,1,5
BRDA:6,1,2,4
BRDA:36,2,0,0
BRDA:36,2,1,1
BRDA:43,3,0,1
BRDA:43,3,1,0
BRDA:43,4,0,1
BRDA:43,4,1,1
BRF:11
BRH:9
end_of_record
TN:
SF:src\nlp\nlp.module.ts
FNF:0
FNH:0
DA:1,0
DA:2,0
DA:8,0
LF:3
LH:0
BRF:0
BRH:0
end_of_record
TN:
SF:src\nlp\nlp.service.ts
FN:5,(anonymous_1)
FN:36,(anonymous_2)
FN:48,(anonymous_3)
FNF:3
FNH:3
FNDA:5,(anonymous_1)
FNDA:14,(anonymous_2)
FNDA:10,(anonymous_3)
DA:1,2
DA:4,2
DA:6,5
DA:10,5
DA:14,5
DA:15,1
DA:21,4
DA:23,4
DA:24,1
DA:30,3
DA:38,14
DA:40,14
DA:43,14
DA:45,14
DA:51,10
DA:88,10
DA:89,205
DA:90,205
DA:91,7
DA:92,7
DA:94,7
DA:95,7
DA:102,3
DA:103,3
DA:105,1
DA:106,1
DA:109,2
LF:27
LH:27
BRDA:14,0,0,1
BRDA:14,0,1,4
BRDA:23,1,0,1
BRDA:23,1,1,3
BRDA:90,2,0,7
BRDA:90,2,1,198
BRDA:90,3,0,205
BRDA:90,3,1,7
BRDA:92,4,0,7
BRDA:92,4,1,0
BRDA:103,5,0,1
BRDA:103,5,1,2
BRDA:103,6,0,3
BRDA:103,6,1,3
BRF:14
BRH:13
end_of_record
TN:
SF:src\scripts\limpiar-transporte.ts
FN:17,limpiarBaseDeDatos
FNF:1
FNH:0
FNDA:0,limpiarBaseDeDatos
DA:1,0
DA:2,0
DA:5,0
DA:7,0
DA:8,0
DA:10,0
DA:11,0
DA:12,0
DA:15,0
DA:18,0
DA:20,0
DA:22,0
DA:23,0
DA:28,0
DA:29,0
DA:32,0
DA:33,0
DA:38,0
DA:39,0
DA:41,0
DA:43,0
DA:48,0
LF:22
LH:0
BRDA:7,0,0,0
BRDA:7,0,1,0
BRDA:8,1,0,0
BRDA:8,1,1,0
BRDA:10,2,0,0
BRDA:10,2,1,0
BRDA:10,3,0,0
BRDA:10,3,1,0
BRDA:28,4,0,0
BRDA:28,4,1,0
BRDA:38,5,0,0
BRDA:38,5,1,0
BRF:12
BRH:0
end_of_record
TN:
SF:src\scripts\poblar-transporte.ts
FN:76,fetchTransportData
FN:114,poblarBaseDeDatos
FN:138,(anonymous_12)
FNF:3
FNH:0
FNDA:0,fetchTransportData
FNDA:0,poblarBaseDeDatos
FNDA:0,(anonymous_12)
DA:1,0
DA:2,0
DA:3,0
DA:6,0
DA:8,0
DA:9,0
DA:11,0
DA:12,0
DA:13,0
DA:16,0
DA:37,0
DA:55,0
DA:77,0
DA:79,0
DA:80,0
DA:81,0
DA:90,0
DA:97,0
DA:100,0
DA:101,0
DA:102,0
DA:104,0
DA:115,0
DA:117,0
DA:120,0
DA:121,0
DA:122,0
DA:127,0
DA:128,0
DA:130,0
DA:131,0
DA:135,0
DA:136,0
DA:138,0
DA:143,0
DA:148,0
DA:149,0
DA:151,0
DA:154,0
DA:158,0
LF:40
LH:0
BRDA:8,0,0,0
BRDA:8,0,1,0
BRDA:9,1,0,0
BRDA:9,1,1,0
BRDA:11,2,0,0
BRDA:11,2,1,0
BRDA:11,3,0,0
BRDA:11,3,1,0
BRDA:101,4,0,0
BRDA:101,4,1,0
BRDA:127,5,0,0
BRDA:127,5,1,0
BRDA:148,6,0,0
BRDA:148,6,1,0
BRF:14
BRH:0
end_of_record
TN:
SF:src\transport\transport.module.ts
FNF:0
FNH:0
DA:1,0
DA:2,0
DA:3,0
DA:4,0
DA:10,0
LF:5
LH:0
BRF:0
BRH:0
end_of_record
TN:
SF:src\transport\horarios\horarios.service.ts
FN:43,(anonymous_1)
FN:51,(anonymous_2)
FN:63,(anonymous_3)
FN:65,(anonymous_4)
FN:67,(anonymous_5)
FNF:5
FNH:5
FNDA:1,(anonymous_1)
FNDA:8,(anonymous_2)
FNDA:4,(anonymous_3)
FNDA:4,(anonymous_4)
FNDA:6,(anonymous_5)
DA:1,2
DA:21,2
DA:22,11
DA:44,1
DA:52,8
DA:58,8
DA:59,8
DA:62,8
DA:63,4
DA:64,4
DA:65,4
DA:67,6
DA:70,8
DA:74,8
DA:75,0
DA:86,8
DA:87,8
DA:89,8
DA:90,8
DA:92,8
DA:93,8
DA:94,8
DA:96,8
DA:97,3
DA:108,5
DA:109,1
DA:120,4
LF:27
LH:26
BRDA:52,0,0,8
BRDA:52,0,1,0
BRDA:53,1,0,1
BRDA:53,1,1,7
BRDA:62,2,0,4
BRDA:62,2,1,4
BRDA:62,3,0,8
BRDA:62,3,1,6
BRDA:64,4,0,2
BRDA:64,4,1,2
BRDA:74,5,0,0
BRDA:74,5,1,8
BRDA:94,6,0,8
BRDA:94,6,1,5
BRDA:96,7,0,3
BRDA:96,7,1,5
BRDA:108,8,0,1
BRDA:108,8,1,4
BRF:18
BRH:16
end_of_record
TN:
SF:src\transport\rutas\rutas.service.ts
FN:10,(anonymous_2)
FN:21,(anonymous_3)
FN:54,(anonymous_4)
FN:56,(anonymous_5)
FN:61,(anonymous_6)
FN:72,(anonymous_7)
FNF:6
FNH:6
FNDA:8,(anonymous_2)
FNDA:3,(anonymous_3)
FNDA:2,(anonymous_4)
FNDA:2,(anonymous_5)
FNDA:2,(anonymous_6)
FNDA:1,(anonymous_7)
DA:1,2
DA:2,2
DA:3,2
DA:6,2
DA:8,8
DA:10,8
DA:11,8
DA:12,8
DA:14,8
DA:15,8
DA:17,0
DA:22,3
DA:23,0
DA:24,0
DA:27,3
DA:29,3
DA:40,3
DA:41,1
DA:42,1
DA:45,2
DA:46,0
DA:50,2
DA:54,2
DA:56,2
DA:57,2
DA:59,2
DA:61,2
DA:63,0
DA:67,2
DA:68,1
DA:72,1
DA:74,1
DA:75,1
DA:76,1
DA:78,1
DA:85,1
DA:87,0
DA:88,0
LF:38
LH:31
BRDA:12,0,0,8
BRDA:12,0,1,0
BRDA:14,1,0,8
BRDA:14,1,1,0
BRDA:14,2,0,8
BRDA:14,2,1,8
BRDA:22,3,0,0
BRDA:22,3,1,3
BRDA:40,4,0,1
BRDA:40,4,1,2
BRDA:45,5,0,0
BRDA:45,5,1,2
BRDA:45,6,0,2
BRDA:45,6,1,2
BRDA:54,7,0,2
BRDA:54,7,1,0
BRDA:57,8,0,2
BRDA:57,8,1,0
BRDA:59,9,0,2
BRDA:59,9,1,0
BRDA:67,10,0,1
BRDA:67,10,1,1
BRDA:74,11,0,0
BRDA:74,11,1,1
BRDA:75,12,0,1
BRDA:75,12,1,0
BRDA:76,13,0,1
BRDA:76,13,1,0
BRDA:10,14,0,2
BRDA:10,14,1,0
BRDA:10,15,0,2
BRDA:10,15,1,2
BRF:32
BRH:21
end_of_record
TN:
SF:src\transport\taxis\taxis.service.ts
FNF:0
FNH:0
DA:1,1
DA:4,1
LF:2
LH:2
BRF:0
BRH:0
end_of_record
